2021-12-16 20:48:48.879  INFO 9040 --- [restartedMain] c.shopme.admin.ShopmeBackEndApplication  : Starting ShopmeBackEndApplication using Java 17.0.1 on Admin with PID 9040 (C:\Users\Admin\Desktop\17_11_2021\ShopmeProject\ShopmeWebParent\ShopmeBackEnd\target\classes started by Admin in C:\Users\Admin\Desktop\17_11_2021\ShopmeProject\ShopmeWebParent\ShopmeBackEnd)
2021-12-16 20:48:48.879  INFO 9040 --- [restartedMain] c.shopme.admin.ShopmeBackEndApplication  : No active profile set, falling back to default profiles: default
2021-12-16 20:48:49.281  INFO 9040 --- [restartedMain] .s.d.r.c.RepositoryConfigurationDelegate : Bootstrapping Spring Data JPA repositories in DEFAULT mode.
2021-12-16 20:48:49.318  INFO 9040 --- [restartedMain] .s.d.r.c.RepositoryConfigurationDelegate : Finished Spring Data repository scanning in 17 ms. Found 2 JPA repository interfaces.
2021-12-16 20:48:49.565  INFO 9040 --- [restartedMain] o.s.b.w.embedded.tomcat.TomcatWebServer  : Tomcat initialized with port(s): 8080 (http)
2021-12-16 20:48:49.567  INFO 9040 --- [restartedMain] o.apache.catalina.core.StandardService   : Starting service [Tomcat]
2021-12-16 20:48:49.568  INFO 9040 --- [restartedMain] org.apache.catalina.core.StandardEngine  : Starting Servlet engine: [Apache Tomcat/9.0.54]
2021-12-16 20:48:49.650  INFO 9040 --- [restartedMain] o.a.c.c.C.[.[localhost].[/ShopmeAdmin]   : Initializing Spring embedded WebApplicationContext
2021-12-16 20:48:49.651  INFO 9040 --- [restartedMain] w.s.c.ServletWebServerApplicationContext : Root WebApplicationContext: initialization completed in 766 ms
2021-12-16 20:48:49.713  INFO 9040 --- [restartedMain] o.hibernate.jpa.internal.util.LogHelper  : HHH000204: Processing PersistenceUnitInfo [name: default]
2021-12-16 20:48:49.729  INFO 9040 --- [restartedMain] com.zaxxer.hikari.HikariDataSource       : HikariPool-3 - Starting...
2021-12-16 20:48:49.827  INFO 9040 --- [restartedMain] com.zaxxer.hikari.HikariDataSource       : HikariPool-3 - Start completed.
2021-12-16 20:48:49.827  INFO 9040 --- [restartedMain] org.hibernate.dialect.Dialect            : HHH000400: Using dialect: org.hibernate.dialect.MySQL8Dialect
2021-12-16 20:48:49.932  INFO 9040 --- [restartedMain] o.h.e.t.j.p.i.JtaPlatformInitiator       : HHH000490: Using JtaPlatform implementation: [org.hibernate.engine.transaction.jta.platform.internal.NoJtaPlatform]
2021-12-16 20:48:49.932  INFO 9040 --- [restartedMain] j.LocalContainerEntityManagerFactoryBean : Initialized JPA EntityManagerFactory for persistence unit 'default'
2021-12-16 20:48:50.013  WARN 9040 --- [restartedMain] JpaBaseConfiguration$JpaWebConfiguration : spring.jpa.open-in-view is enabled by default. Therefore, database queries may be performed during view rendering. Explicitly configure spring.jpa.open-in-view to disable this warning
2021-12-16 20:48:50.212  INFO 9040 --- [restartedMain] o.s.s.web.DefaultSecurityFilterChain     : Will secure Ant [pattern='/images/**'] with []
2021-12-16 20:48:50.212  INFO 9040 --- [restartedMain] o.s.s.web.DefaultSecurityFilterChain     : Will secure Ant [pattern='/js/**'] with []
2021-12-16 20:48:50.212  INFO 9040 --- [restartedMain] o.s.s.web.DefaultSecurityFilterChain     : Will secure Ant [pattern='/webjars/**'] with []
2021-12-16 20:48:50.227  INFO 9040 --- [restartedMain] o.s.s.web.DefaultSecurityFilterChain     : Will secure any request with [org.springframework.security.web.context.request.async.WebAsyncManagerIntegrationFilter@5cc704fb, org.springframework.security.web.context.SecurityContextPersistenceFilter@33ea0a60, org.springframework.security.web.header.HeaderWriterFilter@5a8ab1, org.springframework.security.web.csrf.CsrfFilter@2f366669, org.springframework.security.web.authentication.logout.LogoutFilter@1469f290, org.springframework.security.web.authentication.UsernamePasswordAuthenticationFilter@402fb16f, org.springframework.security.web.savedrequest.RequestCacheAwareFilter@158be111, org.springframework.security.web.servletapi.SecurityContextHolderAwareRequestFilter@4150ee13, org.springframework.security.web.authentication.rememberme.RememberMeAuthenticationFilter@3d89ace7, org.springframework.security.web.authentication.AnonymousAuthenticationFilter@2b7af8c1, org.springframework.security.web.session.SessionManagementFilter@2ff334d9, org.springframework.security.web.access.ExceptionTranslationFilter@12968a36, org.springframework.security.web.access.intercept.FilterSecurityInterceptor@61e2d50f]
2021-12-16 20:48:50.323  INFO 9040 --- [restartedMain] o.s.b.a.w.s.WelcomePageHandlerMapping    : Adding welcome page template: index
2021-12-16 20:48:50.923  INFO 9040 --- [restartedMain] o.s.b.d.a.OptionalLiveReloadServer       : LiveReload server is running on port 35729
2021-12-16 20:48:50.943  INFO 9040 --- [restartedMain] o.s.b.w.embedded.tomcat.TomcatWebServer  : Tomcat started on port(s): 8080 (http) with context path '/ShopmeAdmin'
2021-12-16 20:48:50.973  INFO 9040 --- [restartedMain] c.shopme.admin.ShopmeBackEndApplication  : Started ShopmeBackEndApplication in 2.159 seconds (JVM running for 77.329)
2021-12-16 20:48:50.979  INFO 9040 --- [restartedMain] .ConditionEvaluationDeltaLoggingListener : Condition evaluation unchanged
2021-12-16 20:48:51.361  INFO 9040 --- [RMI TCP Connection(6)-127.0.0.1] inMXBeanRegistrar$SpringApplicationAdmin : Application shutdown requested.
2021-12-16 20:48:51.383  INFO 9040 --- [RMI TCP Connection(6)-127.0.0.1] j.LocalContainerEntityManagerFactoryBean : Closing JPA EntityManagerFactory for persistence unit 'default'
2021-12-16 20:48:51.384  INFO 9040 --- [RMI TCP Connection(6)-127.0.0.1] com.zaxxer.hikari.HikariDataSource       : HikariPool-3 - Shutdown initiated...
2021-12-16 20:48:51.395  INFO 9040 --- [RMI TCP Connection(6)-127.0.0.1] com.zaxxer.hikari.HikariDataSource       : HikariPool-3 - Shutdown completed.
2021-12-16 20:49:40.435  INFO 540 --- [restartedMain] c.shopme.admin.ShopmeBackEndApplication  : Starting ShopmeBackEndApplication using Java 17.0.1 on Admin with PID 540 (C:\Users\Admin\Desktop\17_11_2021\ShopmeProject\ShopmeWebParent\ShopmeBackEnd\target\classes started by Admin in C:\Users\Admin\Desktop\17_11_2021\ShopmeProject\ShopmeWebParent\ShopmeBackEnd)
2021-12-16 20:49:40.436  INFO 540 --- [restartedMain] c.shopme.admin.ShopmeBackEndApplication  : No active profile set, falling back to default profiles: default
2021-12-16 20:49:40.505  INFO 540 --- [restartedMain] .e.DevToolsPropertyDefaultsPostProcessor : Devtools property defaults active! Set 'spring.devtools.add-properties' to 'false' to disable
2021-12-16 20:49:40.505  INFO 540 --- [restartedMain] .e.DevToolsPropertyDefaultsPostProcessor : For additional web related logging consider setting the 'logging.level.web' property to 'DEBUG'
2021-12-16 20:49:41.574  INFO 540 --- [restartedMain] .s.d.r.c.RepositoryConfigurationDelegate : Bootstrapping Spring Data JPA repositories in DEFAULT mode.
2021-12-16 20:49:41.662  INFO 540 --- [restartedMain] .s.d.r.c.RepositoryConfigurationDelegate : Finished Spring Data repository scanning in 68 ms. Found 2 JPA repository interfaces.
2021-12-16 20:49:42.352  INFO 540 --- [restartedMain] o.s.b.w.embedded.tomcat.TomcatWebServer  : Tomcat initialized with port(s): 8080 (http)
2021-12-16 20:49:42.361  INFO 540 --- [restartedMain] o.apache.catalina.core.StandardService   : Starting service [Tomcat]
2021-12-16 20:49:42.362  INFO 540 --- [restartedMain] org.apache.catalina.core.StandardEngine  : Starting Servlet engine: [Apache Tomcat/9.0.54]
2021-12-16 20:49:42.447  INFO 540 --- [restartedMain] o.a.c.c.C.[.[localhost].[/ShopmeAdmin]   : Initializing Spring embedded WebApplicationContext
2021-12-16 20:49:42.447  INFO 540 --- [restartedMain] w.s.c.ServletWebServerApplicationContext : Root WebApplicationContext: initialization completed in 1941 ms
2021-12-16 20:49:42.657  INFO 540 --- [restartedMain] o.hibernate.jpa.internal.util.LogHelper  : HHH000204: Processing PersistenceUnitInfo [name: default]
2021-12-16 20:49:42.716  INFO 540 --- [restartedMain] org.hibernate.Version                    : HHH000412: Hibernate ORM core version 5.4.32.Final
2021-12-16 20:49:42.863  INFO 540 --- [restartedMain] o.hibernate.annotations.common.Version   : HCANN000001: Hibernate Commons Annotations {5.1.2.Final}
2021-12-16 20:49:42.976  INFO 540 --- [restartedMain] com.zaxxer.hikari.HikariDataSource       : HikariPool-1 - Starting...
2021-12-16 20:49:43.373  INFO 540 --- [restartedMain] com.zaxxer.hikari.HikariDataSource       : HikariPool-1 - Start completed.
2021-12-16 20:49:43.393  INFO 540 --- [restartedMain] org.hibernate.dialect.Dialect            : HHH000400: Using dialect: org.hibernate.dialect.MySQL8Dialect
2021-12-16 20:49:44.257  INFO 540 --- [restartedMain] o.h.e.t.j.p.i.JtaPlatformInitiator       : HHH000490: Using JtaPlatform implementation: [org.hibernate.engine.transaction.jta.platform.internal.NoJtaPlatform]
2021-12-16 20:49:44.267  INFO 540 --- [restartedMain] j.LocalContainerEntityManagerFactoryBean : Initialized JPA EntityManagerFactory for persistence unit 'default'
2021-12-16 20:49:44.324  WARN 540 --- [restartedMain] JpaBaseConfiguration$JpaWebConfiguration : spring.jpa.open-in-view is enabled by default. Therefore, database queries may be performed during view rendering. Explicitly configure spring.jpa.open-in-view to disable this warning
2021-12-16 20:49:44.962  INFO 540 --- [restartedMain] o.s.s.web.DefaultSecurityFilterChain     : Will secure Ant [pattern='/images/**'] with []
2021-12-16 20:49:44.963  INFO 540 --- [restartedMain] o.s.s.web.DefaultSecurityFilterChain     : Will secure Ant [pattern='/js/**'] with []
2021-12-16 20:49:44.963  INFO 540 --- [restartedMain] o.s.s.web.DefaultSecurityFilterChain     : Will secure Ant [pattern='/webjars/**'] with []
2021-12-16 20:49:45.000  INFO 540 --- [restartedMain] o.s.s.web.DefaultSecurityFilterChain     : Will secure any request with [org.springframework.security.web.context.request.async.WebAsyncManagerIntegrationFilter@65904762, org.springframework.security.web.context.SecurityContextPersistenceFilter@767df52d, org.springframework.security.web.header.HeaderWriterFilter@68815acc, org.springframework.security.web.csrf.CsrfFilter@4f5aa747, org.springframework.security.web.authentication.logout.LogoutFilter@714885fe, org.springframework.security.web.authentication.UsernamePasswordAuthenticationFilter@77ba5a7f, org.springframework.security.web.savedrequest.RequestCacheAwareFilter@6cb645b8, org.springframework.security.web.servletapi.SecurityContextHolderAwareRequestFilter@746310e9, org.springframework.security.web.authentication.rememberme.RememberMeAuthenticationFilter@5763dd54, org.springframework.security.web.authentication.AnonymousAuthenticationFilter@ded8ec7, org.springframework.security.web.session.SessionManagementFilter@ea5bf02, org.springframework.security.web.access.ExceptionTranslationFilter@c258459, org.springframework.security.web.access.intercept.FilterSecurityInterceptor@121ad46d]
2021-12-16 20:49:45.219  INFO 540 --- [restartedMain] o.s.b.a.w.s.WelcomePageHandlerMapping    : Adding welcome page template: index
2021-12-16 20:49:46.019  INFO 540 --- [restartedMain] o.s.b.d.a.OptionalLiveReloadServer       : LiveReload server is running on port 35729
2021-12-16 20:49:46.084  INFO 540 --- [restartedMain] o.s.b.w.embedded.tomcat.TomcatWebServer  : Tomcat started on port(s): 8080 (http) with context path '/ShopmeAdmin'
2021-12-16 20:49:46.112  INFO 540 --- [restartedMain] c.shopme.admin.ShopmeBackEndApplication  : Started ShopmeBackEndApplication in 6.091 seconds (JVM running for 6.964)
2021-12-16 20:55:00.756  INFO 540 --- [Thread-5] j.LocalContainerEntityManagerFactoryBean : Closing JPA EntityManagerFactory for persistence unit 'default'
2021-12-16 20:55:00.760  INFO 540 --- [Thread-5] com.zaxxer.hikari.HikariDataSource       : HikariPool-1 - Shutdown initiated...
2021-12-16 20:55:00.771  INFO 540 --- [Thread-5] com.zaxxer.hikari.HikariDataSource       : HikariPool-1 - Shutdown completed.
2021-12-16 20:55:00.891  INFO 540 --- [restartedMain] c.shopme.admin.ShopmeBackEndApplication  : Starting ShopmeBackEndApplication using Java 17.0.1 on Admin with PID 540 (C:\Users\Admin\Desktop\17_11_2021\ShopmeProject\ShopmeWebParent\ShopmeBackEnd\target\classes started by Admin in C:\Users\Admin\Desktop\17_11_2021\ShopmeProject\ShopmeWebParent\ShopmeBackEnd)
2021-12-16 20:55:00.891  INFO 540 --- [restartedMain] c.shopme.admin.ShopmeBackEndApplication  : No active profile set, falling back to default profiles: default
2021-12-16 20:55:01.197  INFO 540 --- [restartedMain] .s.d.r.c.RepositoryConfigurationDelegate : Bootstrapping Spring Data JPA repositories in DEFAULT mode.
2021-12-16 20:55:01.218  INFO 540 --- [restartedMain] .s.d.r.c.RepositoryConfigurationDelegate : Finished Spring Data repository scanning in 21 ms. Found 2 JPA repository interfaces.
2021-12-16 20:55:01.384  INFO 540 --- [restartedMain] o.s.b.w.embedded.tomcat.TomcatWebServer  : Tomcat initialized with port(s): 8080 (http)
2021-12-16 20:55:01.386  INFO 540 --- [restartedMain] o.apache.catalina.core.StandardService   : Starting service [Tomcat]
2021-12-16 20:55:01.388  INFO 540 --- [restartedMain] org.apache.catalina.core.StandardEngine  : Starting Servlet engine: [Apache Tomcat/9.0.54]
2021-12-16 20:55:01.474  INFO 540 --- [restartedMain] o.a.c.c.C.[.[localhost].[/ShopmeAdmin]   : Initializing Spring embedded WebApplicationContext
2021-12-16 20:55:01.474  INFO 540 --- [restartedMain] w.s.c.ServletWebServerApplicationContext : Root WebApplicationContext: initialization completed in 574 ms
2021-12-16 20:55:01.538  INFO 540 --- [restartedMain] o.hibernate.jpa.internal.util.LogHelper  : HHH000204: Processing PersistenceUnitInfo [name: default]
2021-12-16 20:55:01.551  INFO 540 --- [restartedMain] com.zaxxer.hikari.HikariDataSource       : HikariPool-2 - Starting...
2021-12-16 20:55:01.625  INFO 540 --- [restartedMain] com.zaxxer.hikari.HikariDataSource       : HikariPool-2 - Start completed.
2021-12-16 20:55:01.627  INFO 540 --- [restartedMain] org.hibernate.dialect.Dialect            : HHH000400: Using dialect: org.hibernate.dialect.MySQL8Dialect
2021-12-16 20:55:01.743  INFO 540 --- [restartedMain] o.h.e.t.j.p.i.JtaPlatformInitiator       : HHH000490: Using JtaPlatform implementation: [org.hibernate.engine.transaction.jta.platform.internal.NoJtaPlatform]
2021-12-16 20:55:01.745  INFO 540 --- [restartedMain] j.LocalContainerEntityManagerFactoryBean : Initialized JPA EntityManagerFactory for persistence unit 'default'
2021-12-16 20:55:01.792  WARN 540 --- [restartedMain] JpaBaseConfiguration$JpaWebConfiguration : spring.jpa.open-in-view is enabled by default. Therefore, database queries may be performed during view rendering. Explicitly configure spring.jpa.open-in-view to disable this warning
2021-12-16 20:55:02.001  INFO 540 --- [restartedMain] o.s.s.web.DefaultSecurityFilterChain     : Will secure Ant [pattern='/images/**'] with []
2021-12-16 20:55:02.001  INFO 540 --- [restartedMain] o.s.s.web.DefaultSecurityFilterChain     : Will secure Ant [pattern='/js/**'] with []
2021-12-16 20:55:02.001  INFO 540 --- [restartedMain] o.s.s.web.DefaultSecurityFilterChain     : Will secure Ant [pattern='/webjars/**'] with []
2021-12-16 20:55:02.014  INFO 540 --- [restartedMain] o.s.s.web.DefaultSecurityFilterChain     : Will secure any request with [org.springframework.security.web.context.request.async.WebAsyncManagerIntegrationFilter@13a45bd6, org.springframework.security.web.context.SecurityContextPersistenceFilter@58c0da2, org.springframework.security.web.header.HeaderWriterFilter@57a2bde1, org.springframework.security.web.csrf.CsrfFilter@6563cbb0, org.springframework.security.web.authentication.logout.LogoutFilter@7d409014, org.springframework.security.web.authentication.UsernamePasswordAuthenticationFilter@7611f933, org.springframework.security.web.savedrequest.RequestCacheAwareFilter@6f0b8d41, org.springframework.security.web.servletapi.SecurityContextHolderAwareRequestFilter@2d8468f4, org.springframework.security.web.authentication.rememberme.RememberMeAuthenticationFilter@586f3dee, org.springframework.security.web.authentication.AnonymousAuthenticationFilter@5acf0ed1, org.springframework.security.web.session.SessionManagementFilter@7ec97780, org.springframework.security.web.access.ExceptionTranslationFilter@6ac015bf, org.springframework.security.web.access.intercept.FilterSecurityInterceptor@3f8ec586]
2021-12-16 20:55:02.097  INFO 540 --- [restartedMain] o.s.b.a.w.s.WelcomePageHandlerMapping    : Adding welcome page template: index
2021-12-16 20:55:02.723  INFO 540 --- [restartedMain] o.s.b.d.a.OptionalLiveReloadServer       : LiveReload server is running on port 35729
2021-12-16 20:55:02.757  INFO 540 --- [restartedMain] o.s.b.w.embedded.tomcat.TomcatWebServer  : Tomcat started on port(s): 8080 (http) with context path '/ShopmeAdmin'
2021-12-16 20:55:02.765  INFO 540 --- [restartedMain] c.shopme.admin.ShopmeBackEndApplication  : Started ShopmeBackEndApplication in 1.931 seconds (JVM running for 323.618)
2021-12-16 20:55:02.769  INFO 540 --- [restartedMain] .ConditionEvaluationDeltaLoggingListener : Condition evaluation unchanged
