2021-12-17 20:56:02.487  INFO 540 --- [RMI TCP Connection(15)-127.0.0.1] inMXBeanRegistrar$SpringApplicationAdmin : Application shutdown requested.
2021-12-17 20:56:02.521  INFO 540 --- [RMI TCP Connection(15)-127.0.0.1] j.LocalContainerEntityManagerFactoryBean : Closing JPA EntityManagerFactory for persistence unit 'default'
2021-12-17 20:56:02.522  INFO 540 --- [RMI TCP Connection(15)-127.0.0.1] com.zaxxer.hikari.HikariDataSource       : HikariPool-2 - Shutdown initiated...
2021-12-17 20:56:02.533  INFO 540 --- [RMI TCP Connection(15)-127.0.0.1] com.zaxxer.hikari.HikariDataSource       : HikariPool-2 - Shutdown completed.
2021-12-17 20:56:11.726  INFO 9656 --- [restartedMain] c.shopme.admin.ShopmeBackEndApplication  : Starting ShopmeBackEndApplication using Java 17.0.1 on Admin with PID 9656 (C:\Users\Admin\Desktop\17_11_2021\ShopmeProject\ShopmeWebParent\ShopmeBackEnd\target\classes started by Admin in C:\Users\Admin\Desktop\17_11_2021\ShopmeProject\ShopmeWebParent\ShopmeBackEnd)
2021-12-17 20:56:11.729  INFO 9656 --- [restartedMain] c.shopme.admin.ShopmeBackEndApplication  : No active profile set, falling back to default profiles: default
2021-12-17 20:56:11.808  INFO 9656 --- [restartedMain] .e.DevToolsPropertyDefaultsPostProcessor : Devtools property defaults active! Set 'spring.devtools.add-properties' to 'false' to disable
2021-12-17 20:56:11.808  INFO 9656 --- [restartedMain] .e.DevToolsPropertyDefaultsPostProcessor : For additional web related logging consider setting the 'logging.level.web' property to 'DEBUG'
2021-12-17 20:56:13.049  INFO 9656 --- [restartedMain] .s.d.r.c.RepositoryConfigurationDelegate : Bootstrapping Spring Data JPA repositories in DEFAULT mode.
2021-12-17 20:56:13.150  INFO 9656 --- [restartedMain] .s.d.r.c.RepositoryConfigurationDelegate : Finished Spring Data repository scanning in 86 ms. Found 2 JPA repository interfaces.
2021-12-17 20:56:14.195  INFO 9656 --- [restartedMain] o.s.b.w.embedded.tomcat.TomcatWebServer  : Tomcat initialized with port(s): 8080 (http)
2021-12-17 20:56:14.214  INFO 9656 --- [restartedMain] o.apache.catalina.core.StandardService   : Starting service [Tomcat]
2021-12-17 20:56:14.215  INFO 9656 --- [restartedMain] org.apache.catalina.core.StandardEngine  : Starting Servlet engine: [Apache Tomcat/9.0.54]
2021-12-17 20:56:14.375  INFO 9656 --- [restartedMain] o.a.c.c.C.[.[localhost].[/ShopmeAdmin]   : Initializing Spring embedded WebApplicationContext
2021-12-17 20:56:14.376  INFO 9656 --- [restartedMain] w.s.c.ServletWebServerApplicationContext : Root WebApplicationContext: initialization completed in 2565 ms
2021-12-17 20:56:14.695  INFO 9656 --- [restartedMain] o.hibernate.jpa.internal.util.LogHelper  : HHH000204: Processing PersistenceUnitInfo [name: default]
2021-12-17 20:56:14.771  INFO 9656 --- [restartedMain] org.hibernate.Version                    : HHH000412: Hibernate ORM core version 5.4.32.Final
2021-12-17 20:56:15.020  INFO 9656 --- [restartedMain] o.hibernate.annotations.common.Version   : HCANN000001: Hibernate Commons Annotations {5.1.2.Final}
2021-12-17 20:56:15.257  INFO 9656 --- [restartedMain] com.zaxxer.hikari.HikariDataSource       : HikariPool-1 - Starting...
2021-12-17 20:56:15.868  INFO 9656 --- [restartedMain] com.zaxxer.hikari.HikariDataSource       : HikariPool-1 - Start completed.
2021-12-17 20:56:15.897  INFO 9656 --- [restartedMain] org.hibernate.dialect.Dialect            : HHH000400: Using dialect: org.hibernate.dialect.MySQL8Dialect
2021-12-17 20:56:17.275  INFO 9656 --- [restartedMain] o.h.e.t.j.p.i.JtaPlatformInitiator       : HHH000490: Using JtaPlatform implementation: [org.hibernate.engine.transaction.jta.platform.internal.NoJtaPlatform]
2021-12-17 20:56:17.293  INFO 9656 --- [restartedMain] j.LocalContainerEntityManagerFactoryBean : Initialized JPA EntityManagerFactory for persistence unit 'default'
2021-12-17 20:56:17.419  WARN 9656 --- [restartedMain] JpaBaseConfiguration$JpaWebConfiguration : spring.jpa.open-in-view is enabled by default. Therefore, database queries may be performed during view rendering. Explicitly configure spring.jpa.open-in-view to disable this warning
2021-12-17 20:56:18.413  INFO 9656 --- [restartedMain] o.s.s.web.DefaultSecurityFilterChain     : Will secure Ant [pattern='/images/**'] with []
2021-12-17 20:56:18.414  INFO 9656 --- [restartedMain] o.s.s.web.DefaultSecurityFilterChain     : Will secure Ant [pattern='/js/**'] with []
2021-12-17 20:56:18.414  INFO 9656 --- [restartedMain] o.s.s.web.DefaultSecurityFilterChain     : Will secure Ant [pattern='/webjars/**'] with []
2021-12-17 20:56:18.484  INFO 9656 --- [restartedMain] o.s.s.web.DefaultSecurityFilterChain     : Will secure any request with [org.springframework.security.web.context.request.async.WebAsyncManagerIntegrationFilter@65f2c834, org.springframework.security.web.context.SecurityContextPersistenceFilter@4d50b13f, org.springframework.security.web.header.HeaderWriterFilter@100694a, org.springframework.security.web.csrf.CsrfFilter@131c6c7, org.springframework.security.web.authentication.logout.LogoutFilter@74b799c4, org.springframework.security.web.authentication.UsernamePasswordAuthenticationFilter@37f114c4, org.springframework.security.web.savedrequest.RequestCacheAwareFilter@359acfd7, org.springframework.security.web.servletapi.SecurityContextHolderAwareRequestFilter@229d5913, org.springframework.security.web.authentication.rememberme.RememberMeAuthenticationFilter@46e05cf6, org.springframework.security.web.authentication.AnonymousAuthenticationFilter@2a3afbee, org.springframework.security.web.session.SessionManagementFilter@41100c1f, org.springframework.security.web.access.ExceptionTranslationFilter@424965c6, org.springframework.security.web.access.intercept.FilterSecurityInterceptor@1959f253]
2021-12-17 20:56:18.855  INFO 9656 --- [restartedMain] o.s.b.a.w.s.WelcomePageHandlerMapping    : Adding welcome page template: index
2021-12-17 20:56:19.762  INFO 9656 --- [restartedMain] o.s.b.d.a.OptionalLiveReloadServer       : LiveReload server is running on port 35729
2021-12-17 20:56:19.823  INFO 9656 --- [restartedMain] o.s.b.w.embedded.tomcat.TomcatWebServer  : Tomcat started on port(s): 8080 (http) with context path '/ShopmeAdmin'
2021-12-17 20:56:19.842  INFO 9656 --- [restartedMain] c.shopme.admin.ShopmeBackEndApplication  : Started ShopmeBackEndApplication in 8.812 seconds (JVM running for 10.281)
